<?xml version="1.0" encoding="UTF-8"?>
<!-- Generated by org.testng.reporters.JUnitXMLReporter -->
<testsuite hostname="LAPTOP-PSTAA81U" ignored="0" name="Surefire test" tests="5" failures="5" timestamp="12 May 2022 03:57:31 GMT" time="34.97" errors="0">
  <testcase name="bankManagerShouldAddCustomerSuccessfully" time="0.903" classname="com.bank.testsuite.BankTest">
    <failure type="java.lang.NullPointerException">
      <![CDATA[java.lang.NullPointerException
at com.bank.pages.HomePage.clickBankManagerLoginButton(HomePage.java:47)
at com.bank.testsuite.BankTest.bankManagerShouldAddCustomerSuccessfully(BankTest.java:36)
... Removed 30 stack frames]]>
    </failure>
  </testcase> <!-- bankManagerShouldAddCustomerSuccessfully -->
  <testcase name="bankManagerShouldOpenAccountSuccessfully" time="0.822" classname="com.bank.testsuite.BankTest">
    <failure type="java.lang.NullPointerException">
      <![CDATA[java.lang.NullPointerException
at com.bank.pages.HomePage.clickBankManagerLoginButton(HomePage.java:47)
at com.bank.testsuite.BankTest.bankManagerShouldOpenAccountSuccessfully(BankTest.java:50)
... Removed 30 stack frames]]>
    </failure>
  </testcase> <!-- bankManagerShouldOpenAccountSuccessfully -->
  <testcase name="customerShouldLoginAndLogoutSuccessfully" time="0.852" classname="com.bank.testsuite.BankTest">
    <failure type="java.lang.NullPointerException">
      <![CDATA[java.lang.NullPointerException
at com.bank.pages.HomePage.clickCustomerLoginBtnButton(HomePage.java:41)
at com.bank.testsuite.BankTest.customerShouldLoginAndLogoutSuccessfully(BankTest.java:63)
... Removed 30 stack frames]]>
    </failure>
  </testcase> <!-- customerShouldLoginAndLogoutSuccessfully -->
  <testcase name="customerShouldDepositMoneySuccessfully" time="0.968" classname="com.bank.testsuite.BankTest">
    <failure type="java.lang.NullPointerException">
      <![CDATA[java.lang.NullPointerException
at com.bank.pages.HomePage.clickCustomerLoginBtnButton(HomePage.java:41)
at com.bank.testsuite.BankTest.customerShouldDepositMoneySuccessfully(BankTest.java:77)
... Removed 30 stack frames]]>
    </failure>
  </testcase> <!-- customerShouldDepositMoneySuccessfully -->
  <testcase name="customerShouldWithdrawMoneySuccessfully" time="0.974" classname="com.bank.testsuite.BankTest">
    <failure type="java.lang.NullPointerException">
      <![CDATA[java.lang.NullPointerException
at com.bank.pages.HomePage.clickCustomerLoginBtnButton(HomePage.java:41)
at com.bank.testsuite.BankTest.customerShouldWithdrawMoneySuccessfully(BankTest.java:90)
... Removed 30 stack frames]]>
    </failure>
  </testcase> <!-- customerShouldWithdrawMoneySuccessfully -->
</testsuite> <!-- Surefire test -->
